This is pdfTeX, Version 3.14159265-2.6-1.40.17 (TeX Live 2016) (preloaded format=latex 2018.1.16)  13 FEB 2018 19:03
entering extended mode
 restricted \write18 enabled.
 %&-line parsing enabled.
**totpages.ins
(./totpages.ins
LaTeX2e <2016/03/31> patch level 3
Babel <3.9r> and hyphenation patterns for 3 language(s) loaded.
File: totpages.ins 2005/01/31 v2.00 Installation script for totpages Package (m
uewi)
(/usr/share/texmf-dist/tex/latex/base/docstrip.tex
\blockLevel=\count79
\emptyLines=\count80
\processedLines=\count81
\commentsRemoved=\count82
\commentsPassed=\count83
\codeLinesPassed=\count84
\TotalprocessedLines=\count85
\TotalcommentsRemoved=\count86
\TotalcommentsPassed=\count87
\TotalcodeLinesPassed=\count88
\NumberOfFiles=\count89
\inFile=\read1
\inputcheck=\read2
\off@0=\count90
\off@1=\count91
\off@2=\count92
\off@3=\count93
\off@4=\count94
\off@5=\count95
\off@6=\count96
\off@7=\count97
\off@8=\count98
\off@9=\count99
\off@10=\count100
\off@11=\count101
\off@12=\count102
\off@13=\count103
\off@14=\count104
\off@15=\count105
\@maxfiles=\count106
\@maxoutfiles=\count107

Utility: `docstrip' 2.5e <2014/09/29>
English documentation    <2014/09/29>

**********************************************************
* This program converts documented macro-files into fast *
* loadable files by stripping off (nearly) all comments! *
**********************************************************

********************************************************
* No Configuration file found, using default settings. *
********************************************************

)
***********************************************************
*
* The totpages distribution contains these files:
*
*   totpages.dtx
*   totpages.ins
*   totexmpl.tex
*
* If you receive only some of these files from someone, complain!
*
***********************************************************

Generating file(s) ./totpages.sty ./totexmpl.tex ./totpages.drv 
\openout0 = `./totpages.sty'.

\openout1 = `./totexmpl.tex'.

\openout2 = `./totpages.drv'.


Processing file totpages.dtx (package) -> totpages.sty
                             (example) -> totexmpl.tex
                             (driver) -> totpages.drv
Lines  processed: 771
Comments removed: 521
Comments  passed: 38
Codelines passed: 206

***********************************************************
*
* To finish the installation you have to move the following
* style file into a directory searched by TeX:
*
*   totpages.sty
*
* To produce the documentation run the file totpages.drv
* through LaTeX.
*
* Happy TeXing
***********************************************************
 ) 
Here is how much of TeX's memory you used:
 331 strings out of 494946
 3383 string characters out of 6181471
 54363 words of memory out of 5000000
 3718 multiletter control sequences out of 15000+600000
 3640 words of font info for 14 fonts, out of 8000000 for 9000
 14 hyphenation exceptions out of 8191
 11i,0n,15p,108b,142s stack positions out of 5000i,500n,10000p,200000b,80000s

No pages of output.
